# JRE version: OpenJDK Runtime Environment (8.0_152-b01) (build 1.8.0_152-release-1343-b01)
# Java VM: OpenJDK 64-Bit Server VM (25.152-b01 mixed mode windows-amd64 compressed oops)
Heap:
 PSYoungGen      total 166400K, used 88016K [0x00000000e0000000, 0x00000000eca80000, 0x0000000100000000)
  eden space 135680K, 42% used [0x00000000e0000000,0x00000000e37f44f8,0x00000000e8480000)
  from space 30720K, 99% used [0x00000000e8480000,0x00000000ea27fd30,0x00000000ea280000)
  to   space 24576K, 0% used [0x00000000ea280000,0x00000000ea280000,0x00000000eba80000)
 ParOldGen       total 107520K, used 61776K [0x00000000a0000000, 0x00000000a6900000, 0x00000000e0000000)
  object space 107520K, 57% used [0x00000000a0000000,0x00000000a3c54210,0x00000000a6900000)
 Metaspace       used 85182K, capacity 87380K, committed 87572K, reserved 1126400K
  class space    used 11074K, capacity 11577K, committed 11580K, reserved 1048576K
GC Heap History (10 events):
Event: 28.824 GC heap before
{Heap before GC invocations=18 (full 3):
 PSYoungGen      total 113664K, used 15340K [0x00000000e0000000, 0x00000000ea580000, 0x0000000100000000)
  eden space 98304K, 0% used [0x00000000e0000000,0x00000000e0000000,0x00000000e6000000)
  from space 15360K, 99% used [0x00000000e6000000,0x00000000e6efb0a8,0x00000000e6f00000)
  to   space 17920K, 0% used [0x00000000e9400000,0x00000000e9400000,0x00000000ea580000)
 ParOldGen       total 74240K, used 20271K [0x00000000a0000000, 0x00000000a4880000, 0x00000000e0000000)
  object space 74240K, 27% used [0x00000000a0000000,0x00000000a13cbc90,0x00000000a4880000)
 Metaspace       used 57519K, capacity 58932K, committed 59028K, reserved 1099776K
  class space    used 7715K, capacity 8081K, committed 8124K, reserved 1048576K
Event: 29.066 GC heap after
Heap after GC invocations=18 (full 3):
 PSYoungGen      total 113664K, used 0K [0x00000000e0000000, 0x00000000ea580000, 0x0000000100000000)
  eden space 98304K, 0% used [0x00000000e0000000,0x00000000e0000000,0x00000000e6000000)
  from space 15360K, 0% used [0x00000000e6000000,0x00000000e6000000,0x00000000e6f00000)
  to   space 17920K, 0% used [0x00000000e9400000,0x00000000e9400000,0x00000000ea580000)
 ParOldGen       total 107520K, used 30551K [0x00000000a0000000, 0x00000000a6900000, 0x00000000e0000000)
  object space 107520K, 28% used [0x00000000a0000000,0x00000000a1dd5c18,0x00000000a6900000)
 Metaspace       used 57519K, capacity 58932K, committed 59028K, reserved 1099776K
  class space    used 7715K, capacity 8081K, committed 8124K, reserved 1048576K
}
Event: 33.928 GC heap before
{Heap before GC invocations=19 (full 3):
 PSYoungGen      total 113664K, used 98304K [0x00000000e0000000, 0x00000000ea580000, 0x0000000100000000)
  eden space 98304K, 100% used [0x00000000e0000000,0x00000000e6000000,0x00000000e6000000)
  from space 15360K, 0% used [0x00000000e6000000,0x00000000e6000000,0x00000000e6f00000)
  to   space 17920K, 0% used [0x00000000e9400000,0x00000000e9400000,0x00000000ea580000)
 ParOldGen       total 107520K, used 30551K [0x00000000a0000000, 0x00000000a6900000, 0x00000000e0000000)
  object space 107520K, 28% used [0x00000000a0000000,0x00000000a1dd5c18,0x00000000a6900000)
 Metaspace       used 60289K, capacity 61900K, committed 61972K, reserved 1103872K
  class space    used 8074K, capacity 8457K, committed 8508K, reserved 1048576K
Event: 33.942 GC heap after
Heap after GC invocations=19 (full 3):
 PSYoungGen      total 130560K, used 9122K [0x00000000e0000000, 0x00000000e9d00000, 0x0000000100000000)
  eden space 121344K, 0% used [0x00000000e0000000,0x00000000e0000000,0x00000000e7680000)
  from space 9216K, 98% used [0x00000000e9400000,0x00000000e9ce8998,0x00000000e9d00000)
  to   space 16896K, 0% used [0x00000000e7c00000,0x00000000e7c00000,0x00000000e8c80000)
 ParOldGen       total 107520K, used 30559K [0x00000000a0000000, 0x00000000a6900000, 0x00000000e0000000)
  object space 107520K, 28% used [0x00000000a0000000,0x00000000a1dd7c18,0x00000000a6900000)
 Metaspace       used 60289K, capacity 61900K, committed 61972K, reserved 1103872K
  class space    used 8074K, capacity 8457K, committed 8508K, reserved 1048576K
}
Event: 37.747 GC heap before
{Heap before GC invocations=20 (full 3):
 PSYoungGen      total 130560K, used 128739K [0x00000000e0000000, 0x00000000e9d00000, 0x0000000100000000)
  eden space 121344K, 98% used [0x00000000e0000000,0x00000000e74d0400,0x00000000e7680000)
  from space 9216K, 98% used [0x00000000e9400000,0x00000000e9ce8998,0x00000000e9d00000)
  to   space 16896K, 0% used [0x00000000e7c00000,0x00000000e7c00000,0x00000000e8c80000)
 ParOldGen       total 107520K, used 30559K [0x00000000a0000000, 0x00000000a6900000, 0x00000000e0000000)
  object space 107520K, 28% used [0x00000000a0000000,0x00000000a1dd7c18,0x00000000a6900000)
 Metaspace       used 62667K, capacity 64376K, committed 64660K, reserved 1105920K
  class space    used 8361K, capacity 8785K, committed 8892K, reserved 1048576K
Event: 37.796 GC heap after
Heap after GC invocations=20 (full 3):
 PSYoungGen      total 143872K, used 16876K [0x00000000e0000000, 0x00000000eba80000, 0x0000000100000000)
  eden space 126976K, 0% used [0x00000000e0000000,0x00000000e0000000,0x00000000e7c00000)
  from space 16896K, 99% used [0x00000000e7c00000,0x00000000e8c7b090,0x00000000e8c80000)
  to   space 24576K, 0% used [0x00000000ea280000,0x00000000ea280000,0x00000000eba80000)
 ParOldGen       total 107520K, used 44390K [0x00000000a0000000, 0x00000000a6900000, 0x00000000e0000000)
  object space 107520K, 41% used [0x00000000a0000000,0x00000000a2b59928,0x00000000a6900000)
 Metaspace       used 62667K, capacity 64376K, committed 64660K, reserved 1105920K
  class space    used 8361K, capacity 8785K, committed 8892K, reserved 1048576K
}
Event: 66.117 GC heap before
{Heap before GC invocations=21 (full 3):
 PSYoungGen      total 143872K, used 143852K [0x00000000e0000000, 0x00000000eba80000, 0x0000000100000000)
  eden space 126976K, 100% used [0x00000000e0000000,0x00000000e7c00000,0x00000000e7c00000)
  from space 16896K, 99% used [0x00000000e7c00000,0x00000000e8c7b090,0x00000000e8c80000)
  to   space 24576K, 0% used [0x00000000ea280000,0x00000000ea280000,0x00000000eba80000)
 ParOldGen       total 107520K, used 44390K [0x00000000a0000000, 0x00000000a6900000, 0x00000000e0000000)
  object space 107520K, 41% used [0x00000000a0000000,0x00000000a2b59928,0x00000000a6900000)
 Metaspace       used 68168K, capacity 69958K, committed 70164K, reserved 1110016K
  class space    used 9027K, capacity 9420K, committed 9532K, reserved 1048576K
Event: 66.155 GC heap after
Heap after GC invocations=21 (full 3):
 PSYoungGen      total 160256K, used 24571K [0x00000000e0000000, 0x00000000eca80000, 0x0000000100000000)
  eden space 135680K, 0% used [0x00000000e0000000,0x00000000e0000000,0x00000000e8480000)
  from space 24576K, 99% used [0x00000000ea280000,0x00000000eba7ed68,0x00000000eba80000)
  to   space 30720K, 0% used [0x00000000e8480000,0x00000000e8480000,0x00000000ea280000)
 ParOldGen       total 107520K, used 50930K [0x00000000a0000000, 0x00000000a6900000, 0x00000000e0000000)
  object space 107520K, 47% used [0x00000000a0000000,0x00000000a31bc980,0x00000000a6900000)
 Metaspace       used 68168K, capacity 69958K, committed 70164K, reserved 1110016K
  class space    used 9027K, capacity 9420K, committed 9532K, reserved 1048576K
}
Event: 73.708 GC heap before
{Heap before GC invocations=22 (full 3):
 PSYoungGen      total 160256K, used 160251K [0x00000000e0000000, 0x00000000eca80000, 0x0000000100000000)
  eden space 135680K, 100% used [0x00000000e0000000,0x00000000e8480000,0x00000000e8480000)
  from space 24576K, 99% used [0x00000000ea280000,0x00000000eba7ed68,0x00000000eba80000)
  to   space 30720K, 0% used [0x00000000e8480000,0x00000000e8480000,0x00000000ea280000)
 ParOldGen       total 107520K, used 50930K [0x00000000a0000000, 0x00000000a6900000, 0x00000000e0000000)
  object space 107520K, 47% used [0x00000000a0000000,0x00000000a31bc980,0x00000000a6900000)
 Metaspace       used 81821K, capacity 83836K, committed 84244K, reserved 1122304K
  class space    used 10734K, capacity 11199K, committed 11324K, reserved 1048576K
Event: 73.784 GC heap after
Heap after GC invocations=22 (full 3):
 PSYoungGen      total 166400K, used 30719K [0x00000000e0000000, 0x00000000eca80000, 0x0000000100000000)
  eden space 135680K, 0% used [0x00000000e0000000,0x00000000e0000000,0x00000000e8480000)
  from space 30720K, 99% used [0x00000000e8480000,0x00000000ea27fd30,0x00000000ea280000)
  to   space 24576K, 0% used [0x00000000ea280000,0x00000000ea280000,0x00000000eba80000)
 ParOldGen       total 107520K, used 61776K [0x00000000a0000000, 0x00000000a6900000, 0x00000000e0000000)
  object space 107520K, 57% used [0x00000000a0000000,0x00000000a3c54210,0x00000000a6900000)
 Metaspace       used 81821K, capacity 83836K, committed 84244K, reserved 1122304K
  class space    used 10734K, capacity 11199K, committed 11324K, reserved 1048576K
}

